{"name": "Проверка создания заказа без авторизации", "status": "failed", "statusDetails": {"message": "AssertionError: assert 200 == 401\n +  where 200 = <Response [200]>.status_code", "trace": "self = <test_create_orders.TestCreateOrders object at 0x000001939D04F230>\n\n    @allure.title('Проверка создания заказа без авторизации')\n    def test_create_order_without_authorization(self):\n        response_registration = helpers.register_new_user_and_return_response()\n        refresh_token = response_registration.json()['refreshToken']\n        token = response_registration.json()['accessToken']\n        helpers.logout_user_by_token(refresh_token)\n        payload = {\"ingredients\": helpers.get_random_ingredients(5)}\n        payload_json = json.dumps(payload)\n    \n        response = requests.post(data.CREATE_ORDER_ENDPOINT, data=payload_json,\n                                 headers={'Authorization': token, \"Content-type\": \"application/json\"})\n    \n>       assert response.status_code == 401\nE       assert 200 == 401\nE        +  where 200 = <Response [200]>.status_code\n\ntests\\test_create_orders.py:37: AssertionError"}, "steps": [{"name": "Создаем нового пользователя и получаем ответ полностью", "status": "passed", "steps": [{"name": "Генерируем случайные данные для создания пользователя", "status": "passed", "start": 1719777018779, "stop": 1719777018810}], "start": 1719777018779, "stop": 1719777018966}, {"name": "Разлогиниваем пользователя", "status": "passed", "parameters": [{"name": "refresh_token", "value": "'e559431e7ac93cfda8b1a7a69020be29c7ce74a9aecebf51d5490904fb72a4fa417ae2ac86779a94'"}], "start": 1719777018966, "stop": 1719777019357}, {"name": "Создаем список существующих ингредиентов", "status": "passed", "parameters": [{"name": "number", "value": "5"}], "start": 1719777019357, "stop": 1719777020299}], "start": 1719777018779, "stop": 1719777021518, "uuid": "ebcac72b-3945-48ab-a9a5-dc79218fab3d", "historyId": "24b6522c21bd469c9970dd2d80d02b4c", "testCaseId": "24b6522c21bd469c9970dd2d80d02b4c", "fullName": "tests.test_create_orders.TestCreateOrders#test_create_order_without_authorization", "labels": [{"name": "parentSuite", "value": "tests"}, {"name": "suite", "value": "test_create_orders"}, {"name": "subSuite", "value": "TestCreateOrders"}, {"name": "host", "value": "HONOR-X14"}, {"name": "thread", "value": "33728-MainThread"}, {"name": "framework", "value": "pytest"}, {"name": "language", "value": "cpython3"}, {"name": "package", "value": "tests.test_create_orders"}]}