{"name": "Проверка создания заказа без авторизации", "status": "failed", "statusDetails": {"message": "AssertionError: assert 200 == 401\n +  where 200 = <Response [200]>.status_code\n +  and   401 = data.STATUS_401", "trace": "self = <test_create_orders.TestCreateOrders object at 0x0000024F4EA43650>, register_return_response_delete_user = <Response [200]>\n\n    @allure.title('Проверка создания заказа без авторизации')\n    def test_create_order_without_authorization(self, register_return_response_delete_user):\n        response_registration = register_return_response_delete_user\n        refresh_token = response_registration.json()['refreshToken']\n        token = response_registration.json()['accessToken']\n        helpers.logout_user_by_token(refresh_token)\n        payload = {\"ingredients\": helpers.get_random_ingredients(5)}\n        payload_json = json.dumps(payload)\n        headers_json = helpers.generate_headers_with_token(token)\n    \n        response = requests.post(data.CREATE_ORDER_ENDPOINT, data=payload_json, headers=headers_json)\n    \n>       assert response.status_code == data.STATUS_401\nE       assert 200 == 401\nE        +  where 200 = <Response [200]>.status_code\nE        +  and   401 = data.STATUS_401\n\ntests\\test_create_orders.py:37: AssertionError"}, "steps": [{"name": "Разлогиниваем пользователя", "status": "passed", "parameters": [{"name": "refresh_token", "value": "'e42db8cf47dd0470ddbed7ff07ab612f64209eaa7f70b69a42e518638050e31d687e2d8d60e72e96'"}], "start": 1720182720541, "stop": 1720182721430}, {"name": "Создаем список существующих ингредиентов", "status": "passed", "parameters": [{"name": "number", "value": "5"}], "start": 1720182721430, "stop": 1720182721585}, {"name": "Генерируем headers с авторизацией", "status": "passed", "parameters": [{"name": "token", "value": "'Bearer eyJhbGciOiJIUzI1NiIsInR5cCI6IkpXVCJ9.eyJpZCI6IjY2ODdlN2JlOWVkMjgwMDAxYjQ2MWQ0ZSIsImlhdCI6MTcyMDE4MjcxOCwiZXhwIjoxNzIwMTgzOTE4fQ.6LEpcOleHiabERHj8hjJr0cYbzHn-tjnsqfKD-CyTyo'"}], "start": 1720182721585, "stop": 1720182721585}], "start": 1720182720541, "stop": 1720182723017, "uuid": "d29953b2-81bf-4f2e-bb47-298af1998ea7", "historyId": "24b6522c21bd469c9970dd2d80d02b4c", "testCaseId": "24b6522c21bd469c9970dd2d80d02b4c", "fullName": "tests.test_create_orders.TestCreateOrders#test_create_order_without_authorization", "labels": [{"name": "parentSuite", "value": "tests"}, {"name": "suite", "value": "test_create_orders"}, {"name": "subSuite", "value": "TestCreateOrders"}, {"name": "host", "value": "HONOR-X14"}, {"name": "thread", "value": "27232-MainThread"}, {"name": "framework", "value": "pytest"}, {"name": "language", "value": "cpython3"}, {"name": "package", "value": "tests.test_create_orders"}]}